<?xml version="1.0" encoding="UTF-8"?>
<testsuite xmlns:xsi="http://www.w3.org/2001/XMLSchema-instance" xsi:noNamespaceSchemaLocation="https://maven.apache.org/surefire/maven-surefire-plugin/xsd/surefire-test-report-3.0.xsd" version="3.0" name="TestRunner.TestRunner" time="140.434" tests="36" errors="0" skipped="0" failures="0">
  <properties>
[...]
</properties>
  <testcase name="Given user navigate to http://www.gcreddy.com/project1/login.php" classname="Scenario: Verify that user is able to login to application successfully with diff data driven methods" time="0.001"/>
  <testcase name="Given user navigate to http://www.gcreddy.com/project1/login.php" classname="Scenario: Verify that user is able to login to application successfully with diff data driven methods" time="0"/>
  <testcase name="Given user navigate to http://www.gcreddy.com/project1/login.php" classname="Scenario: Verify that user is able to login to application successfully with diff data driven methods" time="0"/>
  <testcase name="Given user navigate to http://www.gcreddy.com/project1/login.php" classname="Scenario: Verify that user is able to login to application successfully with diff data driven methods" time="0"/>
  <testcase name="When user enter emailid and password" classname="Scenario: Verify that user is able to login to application successfully with diff data driven methods" time="0"/>
  <testcase name="When user enter emailid and password" classname="Scenario: Verify that user is able to login to application successfully with diff data driven methods" time="0"/>
  <testcase name="And user clicks on sign in button" classname="Scenario: Verify that user is able to login to application successfully with diff data driven methods" time="0"/>
  <testcase name="And user clicks on sign in button" classname="Scenario: Verify that user is able to login to application successfully with diff data driven methods" time="0"/>
  <testcase name="And user clicks on sign in button" classname="Scenario: Verify that user is able to login to application successfully with diff data driven methods" time="0"/>
  <testcase name="And user clicks on sign in button" classname="Scenario: Verify that user is able to login to application successfully with diff data driven methods" time="0"/>
  <testcase name="Then User is on Home Page" classname="Scenario: Verify that user is able to login to application successfully with diff data driven methods" time="0"/>
  <testcase name="Then User is on Home Page" classname="Scenario: Verify that user is able to login to application successfully with diff data driven methods" time="0"/>
  <testcase name="Then User is on Home Page" classname="Scenario: Verify that user is able to login to application successfully with diff data driven methods" time="0"/>
  <testcase name="Then User is on Home Page" classname="Scenario: Verify that user is able to login to application successfully with diff data driven methods" time="0"/>
  <testcase name="When User close the browser" classname="Scenario: Verify that user is able to login to application successfully with diff data driven methods" time="0.001"/>
  <testcase name="When User close the browser" classname="Scenario: Verify that user is able to login to application successfully with diff data driven methods" time="0"/>
  <testcase name="When User close the browser" classname="Scenario: Verify that user is able to login to application successfully with diff data driven methods" time="0"/>
  <testcase name="When User close the browser" classname="Scenario: Verify that user is able to login to application successfully with diff data driven methods" time="0.001"/>
  <testcase name="Scenario: Verify that user is able to login to application successfully with diff data driven methods" classname="Scenario: Verify that user is able to login to application successfully with diff data driven methods" time="0.001"/>
  <testcase name="Scenario: Verify that user is able to login to application successfully with diff data driven methods" classname="Scenario: Verify that user is able to login to application successfully with diff data driven methods" time="0"/>
  <testcase name="Scenario: Verify that user is able to login to application successfully with diff data driven methods" classname="Scenario: Verify that user is able to login to application successfully with diff data driven methods" time="0"/>
  <testcase name="Scenario: Verify that user is able to login to application successfully with diff data driven methods" classname="Scenario: Verify that user is able to login to application successfully with diff data driven methods" time="0.001"/>
  <testcase name="When user enter emailid1 and password1" classname="Scenario: Verify that user is able to login to application successfully with diff data driven methods" time="0"/>
  <testcase name="When user enter emailid1 and password1" classname="Scenario: Verify that user is able to login to application successfully with diff data driven methods" time="0"/>
  <testcase name="Given user navigate to http://www.gcreddy.com/project1/login.php" classname="Scenario: Verify that user is able to login to application successfully" time="0"/>
  <testcase name="When user enter emailid &quot;Rahul1993@gmail.com&quot; and password &quot;Admin@123&quot;" classname="Scenario: Verify that user is able to login to application successfully" time="0"/>
  <testcase name="And user clicks on sign in button" classname="Scenario: Verify that user is able to login to application successfully" time="0"/>
  <testcase name="Then User is on Home Page" classname="Scenario: Verify that user is able to login to application successfully" time="0"/>
  <testcase name="When User close the browser" classname="Scenario: Verify that user is able to login to application successfully" time="0"/>
  <testcase name="Scenario: Verify that user is able to login to application successfully" classname="Scenario: Verify that user is able to login to application successfully" time="0.001"/>
  <testcase name="Given user navigate to http://www.gcreddy.com/project1/login.php" classname="| Rahul1993@gmail.com | Admin@123 |" time="0"/>
  <testcase name="When user enter emailid &quot;Rahul1993@gmail.com&quot; and password &quot;Admin@123&quot;" classname="| Rahul1993@gmail.com | Admin@123 |" time="0"/>
  <testcase name="And user clicks on sign in button" classname="| Rahul1993@gmail.com | Admin@123 |" time="0"/>
  <testcase name="Then User is on Home Page" classname="| Rahul1993@gmail.com | Admin@123 |" time="0.001"/>
  <testcase name="When User close the browser" classname="| Rahul1993@gmail.com | Admin@123 |" time="0"/>
  <testcase name="| Rahul1993@gmail.com | Admin@123 |" classname="| Rahul1993@gmail.com | Admin@123 |" time="0.002"/>
</testsuite>